<?xml version="1.0" encoding="UTF-8"?>
<testsuite name="Sample Test Case"
           tests="1"
           failures="0"
           errors="0"
           skipped="0"
           time="2.564">
  <properties />
  
  
            <testcase name="test1" time="2.564" classname="test" />
      
</testsuite>
